  20221027_test1_jka.cpp
D:\Cprogram\20221013\20221027_test1_jka\20221027_test1_jka\20221027_test1_jka.cpp(30,6): error C2182: 'add_void': 'void' 형식을 잘못 사용했습니다.
D:\Cprogram\20221013\20221027_test1_jka\20221027_test1_jka\20221027_test1_jka.cpp(30,15): error C2065: 'add': 선언되지 않은 식별자입니다.
D:\Cprogram\20221013\20221027_test1_jka\20221027_test1_jka\20221027_test1_jka.cpp(31,1): error C2143: 구문 오류: ';'이(가) '{' 앞에 없습니다.
D:\Cprogram\20221013\20221027_test1_jka\20221027_test1_jka\20221027_test1_jka.cpp(31,1): error C2447: '{': 함수 헤더가 없습니다. 이전 스타일의 형식 목록입니까?
D:\Cprogram\20221013\20221027_test1_jka\20221027_test1_jka\20221027_test1_jka.cpp(39,13): error C2065: 'add': 선언되지 않은 식별자입니다.
D:\Cprogram\20221013\20221027_test1_jka\20221027_test1_jka\20221027_test1_jka.cpp(40,1): error C2143: 구문 오류: ';'이(가) '{' 앞에 없습니다.
D:\Cprogram\20221013\20221027_test1_jka\20221027_test1_jka\20221027_test1_jka.cpp(40,1): error C2447: '{': 함수 헤더가 없습니다. 이전 스타일의 형식 목록입니까?
D:\Cprogram\20221013\20221027_test1_jka\20221027_test1_jka\20221027_test1_jka.cpp(117,8): error C2084: 'double RAD2DEG(double)' 함수에 이미 본문이 있습니다.
D:\Cprogram\20221013\20221027_test1_jka\20221027_test1_jka\20221027_test1_jka.cpp(12): message : 'RAD2DEG'의 이전 정의를 참조하십시오.
D:\Cprogram\20221013\20221027_test1_jka\20221027_test1_jka\20221027_test1_jka.cpp(122,8): error C2084: 'double DEG2RAD(double)' 함수에 이미 본문이 있습니다.
D:\Cprogram\20221013\20221027_test1_jka\20221027_test1_jka\20221027_test1_jka.cpp(17): message : 'DEG2RAD'의 이전 정의를 참조하십시오.
D:\Cprogram\20221013\20221027_test1_jka\20221027_test1_jka\20221027_test1_jka.cpp(130,17): error C2065: 'DEG2RAD': 선언되지 않은 식별자입니다.
D:\Cprogram\20221013\20221027_test1_jka\20221027_test1_jka\20221027_test1_jka.cpp(130,43): error C2065: 'DEG2RAD': 선언되지 않은 식별자입니다.
D:\Cprogram\20221013\20221027_test1_jka\20221027_test1_jka\20221027_test1_jka.cpp(131,12): error C2059: 구문 오류: '='
D:\Cprogram\20221013\20221027_test1_jka\20221027_test1_jka\20221027_test1_jka.cpp(137,46): error C2065: 'DEG2RAD': 선언되지 않은 식별자입니다.
D:\Cprogram\20221013\20221027_test1_jka\20221027_test1_jka\20221027_test1_jka.cpp(137,61): error C2143: 구문 오류: ')'이(가) ';' 앞에 없습니다.
D:\Cprogram\20221013\20221027_test1_jka\20221027_test1_jka\20221027_test1_jka.cpp(138,12): error C2059: 구문 오류: '='
D:\Cprogram\20221013\20221027_test1_jka\20221027_test1_jka\20221027_test1_jka.cpp(148,5): error C2065: 'c1': 선언되지 않은 식별자입니다.
D:\Cprogram\20221013\20221027_test1_jka\20221027_test1_jka\20221027_test1_jka.cpp(149,40): error C2065: 'c1': 선언되지 않은 식별자입니다.
D:\Cprogram\20221013\20221027_test1_jka\20221027_test1_jka\20221027_test1_jka.cpp(151,5): error C2065: 'c1': 선언되지 않은 식별자입니다.
D:\Cprogram\20221013\20221027_test1_jka\20221027_test1_jka\20221027_test1_jka.cpp(152,40): error C2065: 'c1': 선언되지 않은 식별자입니다.
D:\Cprogram\20221013\20221027_test1_jka\20221027_test1_jka\20221027_test1_jka.cpp(154,5): error C2065: 'c1': 선언되지 않은 식별자입니다.
D:\Cprogram\20221013\20221027_test1_jka\20221027_test1_jka\20221027_test1_jka.cpp(155,40): error C2065: 'c1': 선언되지 않은 식별자입니다.
D:\Cprogram\20221013\20221027_test1_jka\20221027_test1_jka\20221027_test1_jka.cpp(159,13): error C2143: 구문 오류: ']'이(가) '문자열' 앞에 없습니다.
D:\Cprogram\20221013\20221027_test1_jka\20221027_test1_jka\20221027_test1_jka.cpp(159,13): error C3260: '문자열': 람다 본문 전에 예상치 않은 토큰을 건너뜁니다.
D:\Cprogram\20221013\20221027_test1_jka\20221027_test1_jka\20221027_test1_jka.cpp(166,11): error C2001: 상수에 줄 바꿈 문자가 있습니다.
D:\Cprogram\20221013\20221027_test1_jka\20221027_test1_jka\20221027_test1_jka.cpp(193,1): fatal error C1903: 이전 오류를 복구할 수 없습니다. 컴파일이 중지됩니다.
